-1 STR
-1 ADD 00exo0jcr0root0uuid0000000000000
-1 COM
0 STR
0 COM
-1 STR
-1 CRE_IDX _0
-1 OFF_INV _0
-1 ADD_IDX _0
-1 COM
1 STR
1 DEL 1d49f2447f0001010179532711e7879f
1 DEL 1d49f2547f000101018b5a730dfc04a1
1 DEL 1d49f2577f0001010174d4c93c151917
1 ADD 1d49f2447f0001010179532711e7879f
1 ADD 1d49f2547f000101018b5a730dfc04a1
1 ADD 1d49f2577f0001010174d4c93c151917
1 COM
2 STR
2 DEL 1d49f26a7f00010101cd761a5502d62f
2 ADD 1d49f26a7f00010101cd761a5502d62f
2 COM
3 STR
3 DEL 1d49f27d7f00010100ca548b78298734
3 ADD 1d49f27d7f00010100ca548b78298734
3 COM
4 STR
4 DEL 1d49f28d7f00010100d622e5104a0765
4 ADD 1d49f28d7f00010100d622e5104a0765
4 COM
5 STR
5 DEL 1d49f2af7f00010101425f387806851a
5 DEL 1d49f2a87f000101012dcb8c9e63eeb4
5 ADD 1d49f2b57f00010101e308571d623e3d
5 ADD 1d49f2af7f00010101425f387806851a
5 ADD 1d49f2a87f000101012dcb8c9e63eeb4
5 COM
6 STR
6 DEL 1d49f2b57f00010101e308571d623e3d
6 DEL 1d49f2af7f00010101425f387806851a
6 DEL 1d49f2a87f000101012dcb8c9e63eeb4
6 COM
7 STR
7 DEL 1d49f4757f0001010109062e317bd778
7 DEL 1d49f4717f00010101fdfb42715a2349
7 ADD 1d49f4757f0001010109062e317bd778
7 ADD 1d49f4777f0001010152d9507c9cf700
7 ADD 1d49f4717f00010101fdfb42715a2349
7 COM
8 STR
8 DEL 1d49f4757f0001010109062e317bd778
8 DEL 1d49f4717f00010101fdfb42715a2349
8 DEL 1d49f4777f0001010152d9507c9cf700
8 COM
9 STR
9 DEL 1d49f5007f00010101f9c5c84c1d6e48
9 DEL 1d49f4fd7f000101001789911a2a1ada
9 ADD 1d49f5017f0001010092ed8506db896a
9 ADD 1d49f5007f00010101f9c5c84c1d6e48
9 ADD 1d49f4fd7f000101001789911a2a1ada
9 COM
10 STR
10 DEL 1d49f5017f0001010092ed8506db896a
10 DEL 1d49f4fd7f000101001789911a2a1ada
10 ADD 1d49f5017f0001010092ed8506db896a
10 ADD 1d49f4fd7f000101001789911a2a1ada
10 COM
11 STR
11 DEL 1d49f5017f0001010092ed8506db896a
11 DEL 1d49f5007f00010101f9c5c84c1d6e48
11 DEL 1d49f4fd7f000101001789911a2a1ada
11 COM
12 STR
12 DEL 1d49f5bd7f00010100e0a3f2023d9597
12 DEL 1d49f5c07f000101018af9c04d1f22ed
12 ADD 1d49f5c37f00010100e8476393a4104e
12 ADD 1d49f5c07f000101018af9c04d1f22ed
12 ADD 1d49f5bd7f00010100e0a3f2023d9597
12 COM
13 STR
13 DEL 1d49f5c37f00010100e8476393a4104e
13 DEL 1d49f5bd7f00010100e0a3f2023d9597
13 DEL 1d49f5c07f000101018af9c04d1f22ed
13 COM
14 STR
14 DEL 1d49f7197f00010100154ec508fd3d8c
14 DEL 1d49f7167f00010100aaf64ece49f9e0
14 ADD 1d49f7197f00010100154ec508fd3d8c
14 ADD 1d49f71b7f000101014340bb01c8a271
14 ADD 1d49f7167f00010100aaf64ece49f9e0
14 COM
15 STR
15 DEL 1d49f7847f00010101385846c7d83ea3
15 DEL 1d49f7827f00010101c330aaedda825f
15 ADD 1d49f7847f00010101385846c7d83ea3
15 ADD 1d49f7867f000101016affac292346a2
15 ADD 1d49f7827f00010101c330aaedda825f
15 COM
16 STR
16 DEL 1d49f7197f00010100154ec508fd3d8c
16 DEL 1d49f7847f00010101385846c7d83ea3
16 DEL 1d49f7867f000101016affac292346a2
16 DEL 1d49f71b7f000101014340bb01c8a271
16 DEL 1d49f7827f00010101c330aaedda825f
16 DEL 1d49f7167f00010100aaf64ece49f9e0
16 COM
17 STR
17 DEL 1d49f8057f0001010143691dc8cf556f
17 DEL 1d49f8087f00010100f8db0837d360ca
17 ADD 1d49f8057f0001010143691dc8cf556f
17 ADD 1d49f8087f00010100f8db0837d360ca
17 ADD 1d49f8097f00010101566b7d4d387a73
17 COM
18 STR
18 DEL 1d49f8057f0001010143691dc8cf556f
18 DEL 1d49f8087f00010100f8db0837d360ca
18 DEL 1d49f8097f00010101566b7d4d387a73
18 COM
19 STR
19 DEL 1d49f8617f00010101a1772725e657e2
19 DEL 1d49f8647f000101005476a7a4ee0b15
19 ADD 1d49f8617f00010101a1772725e657e2
19 ADD 1d49f8657f00010101b682156668beca
19 ADD 1d49f8647f000101005476a7a4ee0b15
19 COM
20 STR
20 DEL 1d49f8617f00010101a1772725e657e2
20 DEL 1d49f8657f00010101b682156668beca
20 ADD 1d49f8617f00010101a1772725e657e2
20 ADD 1d49f8657f00010101b682156668beca
20 COM
21 STR
21 DEL 1d49f8617f00010101a1772725e657e2
21 DEL 1d49f8657f00010101b682156668beca
21 DEL 1d49f8647f000101005476a7a4ee0b15
21 COM
22 STR
22 DEL 1d49f9107f000101010463c38eba3681
22 DEL 1d49f9137f0001010096b38e6176e1a2
22 ADD 1d49f9107f000101010463c38eba3681
22 ADD 1d49f9157f000101011d565fca4b6878
22 ADD 1d49f9137f0001010096b38e6176e1a2
22 COM
23 STR
23 DEL 1d49f9107f000101010463c38eba3681
23 DEL 1d49f9157f000101011d565fca4b6878
23 DEL 1d49f9137f0001010096b38e6176e1a2
23 COM
24 STR
24 DEL 1d49f9a57f0001010078b4c4c44880ef
24 DEL 1d49f9a27f000101010a94c5c6c3d539
24 ADD 1d49f9a77f000101010105c12712086d
24 ADD 1d49f9a57f0001010078b4c4c44880ef
24 ADD 1d49f9a27f000101010a94c5c6c3d539
24 COM
25 STR
25 DEL 1d49f9e47f00010101bf011e7ed1b7eb
25 DEL 1d49f9e77f00010100a77506c3f5191b
25 ADD 1d49f9e47f00010101bf011e7ed1b7eb
25 ADD 1d49f9e87f00010100780515fa5903a7
25 ADD 1d49f9e77f00010100a77506c3f5191b
25 COM
26 STR
26 DEL 1d49fa367f00010101c39aa60b205bb1
26 DEL 1d49fa397f00010101d9e8958d30115b
26 ADD 1d49fa397f00010101d9e8958d30115b
26 ADD 1d49fa367f00010101c39aa60b205bb1
26 ADD 1d49fa3b7f00010101b8b8105cd6ef82
26 COM
27 STR
27 DEL 1d49fa367f00010101c39aa60b205bb1
27 DEL 1d49fa397f00010101d9e8958d30115b
27 DEL 1d49f9a57f0001010078b4c4c44880ef
27 DEL 1d49f9a77f000101010105c12712086d
27 DEL 1d49f9e47f00010101bf011e7ed1b7eb
27 DEL 1d49f9a27f000101010a94c5c6c3d539
27 DEL 1d49f9e87f00010100780515fa5903a7
27 DEL 1d49f9e77f00010100a77506c3f5191b
27 DEL 1d49fa3b7f00010101b8b8105cd6ef82
27 COM
28 STR
28 DEL 1d49fb027f0001010139ca7e054a9968
28 DEL 1d49fb057f00010101d2aa1446529f87
28 ADD 1d49fb027f0001010139ca7e054a9968
28 ADD 1d49fb057f00010101d2aa1446529f87
28 ADD 1d49fb077f00010100a928018e0b9186
28 COM
29 STR
29 DEL 1d49fb027f0001010139ca7e054a9968
29 DEL 1d49fb057f00010101d2aa1446529f87
29 DEL 1d49fb077f00010100a928018e0b9186
29 COM
30 STR
30 DEL 1d49fb557f0001010177357d6654e2c5
30 DEL 1d49fb527f000101014d6112295b23f6
30 ADD 1d49fb557f0001010177357d6654e2c5
30 ADD 1d49fb527f000101014d6112295b23f6
30 ADD 1d49fb587f00010100d207ad12e10ce9
30 COM
31 STR
31 DEL 1d49fbbb7f000101006b611e6fca4ca4
31 DEL 1d49fbb57f0001010026c7da896eb30b
31 ADD 1d49fbbb7f000101006b611e6fca4ca4
31 ADD 1d49fbb57f0001010026c7da896eb30b
31 ADD 1d49fbbd7f0001010175650e0f0713ed
31 COM
32 STR
32 DEL 1d49fb557f0001010177357d6654e2c5
32 DEL 1d49fb527f000101014d6112295b23f6
32 DEL 1d49fbbb7f000101006b611e6fca4ca4
32 DEL 1d49fbb57f0001010026c7da896eb30b
32 DEL 1d49fb587f00010100d207ad12e10ce9
32 DEL 1d49fbbd7f0001010175650e0f0713ed
32 COM
33 STR
33 DEL 1d49fc887f00010101a721e2830b7fd6
33 DEL 1d49fc867f00010100a7d3163264ccc2
33 ADD 1d49fc887f00010101a721e2830b7fd6
33 ADD 1d49fc947f00010101fcabd41a826c44
33 ADD 1d49fc867f00010100a7d3163264ccc2
33 COM
34 STR
34 DEL 1d49fced7f00010101af1934280a0be5
34 DEL 1d49fcea7f00010100dc91e22c85ad65
34 ADD 1d49fced7f00010101af1934280a0be5
34 ADD 1d49fcee7f000101008ee5c05a2740dd
34 ADD 1d49fcea7f00010100dc91e22c85ad65
34 COM
35 STR
35 DEL 1d49fced7f00010101af1934280a0be5
35 DEL 1d49fcee7f000101008ee5c05a2740dd
35 DEL 1d49fc887f00010101a721e2830b7fd6
35 DEL 1d49fc947f00010101fcabd41a826c44
35 DEL 1d49fcea7f00010100dc91e22c85ad65
35 DEL 1d49fc867f00010100a7d3163264ccc2
35 COM
36 STR
36 DEL 1d49fdc97f00010101a9dc559d7c1ef8
36 DEL 1d49fdc67f000101015c072988063211
36 ADD 1d49fdc97f00010101a9dc559d7c1ef8
36 ADD 1d49fdcd7f00010101882c1ad6693a66
36 ADD 1d49fdc67f000101015c072988063211
36 COM
37 STR
37 DEL 1d49fdc97f00010101a9dc559d7c1ef8
37 DEL 1d49fdc67f000101015c072988063211
37 DEL 1d49fdcd7f00010101882c1ad6693a66
37 COM
38 STR
38 DEL 1d49fe1b7f00010101f494018ab33a2c
38 DEL 1d49fe1e7f00010100ad98e63fe34b40
38 ADD 1d49fe1b7f00010101f494018ab33a2c
38 ADD 1d49fe1e7f00010100ad98e63fe34b40
38 ADD 1d49fe1f7f00010100ada4af3423657d
38 COM
39 STR
39 DEL 1d49fe587f000101015bf05fa090c512
39 DEL 1d49fe557f0001010112ce695d314bf2
39 ADD 1d49fe597f00010101dc0d090d6c701a
39 ADD 1d49fe587f000101015bf05fa090c512
39 ADD 1d49fe557f0001010112ce695d314bf2
39 COM
40 STR
40 DEL 1d49fe597f00010101dc0d090d6c701a
40 DEL 1d49fe587f000101015bf05fa090c512
40 DEL 1d49fe1b7f00010101f494018ab33a2c
40 DEL 1d49fe1e7f00010100ad98e63fe34b40
40 DEL 1d49fe1f7f00010100ada4af3423657d
40 DEL 1d49fe557f0001010112ce695d314bf2
40 COM
41 STR
41 DEL 1d49ff007f0001010067aece5e30fc34
41 ADD 1d49ff007f0001010067aece5e30fc34
41 COM
